<?xml version="1.0" encoding="UTF-8"?>
<testng-results skipped="0" failed="0" ignored="0" total="1" passed="1">
  <reporter-output>
  </reporter-output>
  <suite name="BDD Test Suite" duration-ms="24493" started-at="2021-05-14T09:54:12Z" finished-at="2021-05-14T09:54:36Z">
    <groups>
      <group name="cucumber">
        <method signature="TestRunner.feature(cucumber.api.testng.CucumberFeatureWrapper)[pri:0, instance:MyRunner.TestRunner@31610302]" name="feature" class="MyRunner.TestRunner"/>
      </group> <!-- cucumber -->
    </groups>
    <test name="FREE CRM Test" duration-ms="24493" started-at="2021-05-14T09:54:12Z" finished-at="2021-05-14T09:54:36Z">
      <class name="MyRunner.TestRunner">
        <test-method status="PASS" signature="setUpClass()[pri:0, instance:MyRunner.TestRunner@31610302]" name="setUpClass" is-config="true" duration-ms="185" started-at="2021-05-14T09:54:12Z" finished-at="2021-05-14T09:54:12Z">
          <reporter-output>
          </reporter-output>
        </test-method> <!-- setUpClass -->
        <test-method status="PASS" signature="feature(cucumber.api.testng.CucumberFeatureWrapper)[pri:0, instance:MyRunner.TestRunner@31610302]" name="feature" duration-ms="24194" started-at="2021-05-14T09:54:12Z" description="Runs Cucumber Feature" data-provider="features" finished-at="2021-05-14T09:54:36Z">
          <params>
            <param index="0">
              <value>
                <![CDATA[Calculate different parking fees]]>
              </value>
            </param>
          </params>
          <reporter-output>
          </reporter-output>
        </test-method> <!-- feature -->
        <test-method status="PASS" signature="tearDownClass()[pri:0, instance:MyRunner.TestRunner@31610302]" name="tearDownClass" is-config="true" duration-ms="29" started-at="2021-05-14T09:54:36Z" finished-at="2021-05-14T09:54:36Z">
          <reporter-output>
          </reporter-output>
        </test-method> <!-- tearDownClass -->
      </class> <!-- MyRunner.TestRunner -->
    </test> <!-- FREE CRM Test -->
  </suite> <!-- BDD Test Suite -->
</testng-results>
